0 info it worked if it ends with ok
1 verbose cli [ 'node', '/usr/local/bin/npm', 'shrinkwrap' ]
2 info using npm@1.1.65
3 info using node@v0.8.14
4 verbose read json /Users/adrianlee/Git/pillbox/package.json
5 warn package.json application-name@0.0.1 No README.md file found!
6 verbose read json /Users/adrianlee/Git/pillbox/node_modules/compulsive/package.json
7 verbose read json /Users/adrianlee/Git/pillbox/node_modules/connect-mongo/package.json
8 verbose read json /Users/adrianlee/Git/pillbox/node_modules/express/package.json
9 verbose read json /Users/adrianlee/Git/pillbox/node_modules/hbs/package.json
10 verbose read json /Users/adrianlee/Git/pillbox/node_modules/johnny-five/package.json
11 verbose read json /Users/adrianlee/Git/pillbox/node_modules/mongoose/package.json
12 verbose read json /Users/adrianlee/Git/pillbox/node_modules/nodemailer/package.json
13 verbose read json /Users/adrianlee/Git/pillbox/node_modules/socket.io/package.json
14 verbose read json /Users/adrianlee/Git/pillbox/node_modules/connect-mongo/node_modules/mongodb/package.json
15 verbose read json /Users/adrianlee/Git/pillbox/node_modules/hbs/node_modules/handlebars/package.json
16 verbose read json /Users/adrianlee/Git/pillbox/node_modules/express/node_modules/buffer-crc32/package.json
17 verbose read json /Users/adrianlee/Git/pillbox/node_modules/express/node_modules/commander/package.json
18 verbose read json /Users/adrianlee/Git/pillbox/node_modules/express/node_modules/connect/package.json
19 verbose read json /Users/adrianlee/Git/pillbox/node_modules/express/node_modules/cookie/package.json
20 verbose read json /Users/adrianlee/Git/pillbox/node_modules/express/node_modules/cookie-signature/package.json
21 verbose read json /Users/adrianlee/Git/pillbox/node_modules/express/node_modules/debug/package.json
22 verbose read json /Users/adrianlee/Git/pillbox/node_modules/express/node_modules/fresh/package.json
23 verbose read json /Users/adrianlee/Git/pillbox/node_modules/express/node_modules/methods/package.json
24 verbose read json /Users/adrianlee/Git/pillbox/node_modules/express/node_modules/mkdirp/package.json
25 verbose read json /Users/adrianlee/Git/pillbox/node_modules/express/node_modules/range-parser/package.json
26 verbose read json /Users/adrianlee/Git/pillbox/node_modules/express/node_modules/send/package.json
27 verbose read json /Users/adrianlee/Git/pillbox/node_modules/johnny-five/node_modules/colors/package.json
28 verbose read json /Users/adrianlee/Git/pillbox/node_modules/johnny-five/node_modules/compulsive/package.json
29 verbose read json /Users/adrianlee/Git/pillbox/node_modules/johnny-five/node_modules/descriptor/package.json
30 verbose read json /Users/adrianlee/Git/pillbox/node_modules/johnny-five/node_modules/es6-collections/package.json
31 verbose read json /Users/adrianlee/Git/pillbox/node_modules/johnny-five/node_modules/firmata/package.json
32 verbose read json /Users/adrianlee/Git/pillbox/node_modules/johnny-five/node_modules/grunt/package.json
33 verbose read json /Users/adrianlee/Git/pillbox/node_modules/johnny-five/node_modules/lodash/package.json
34 verbose read json /Users/adrianlee/Git/pillbox/node_modules/johnny-five/node_modules/nodeunit/package.json
35 verbose read json /Users/adrianlee/Git/pillbox/node_modules/johnny-five/node_modules/npm-debug.log/package.json
36 verbose read json /Users/adrianlee/Git/pillbox/node_modules/johnny-five/node_modules/socket.io/package.json
37 verbose read json /Users/adrianlee/Git/pillbox/node_modules/mongoose/node_modules/hooks/package.json
38 verbose read json /Users/adrianlee/Git/pillbox/node_modules/mongoose/node_modules/mongodb/package.json
39 verbose read json /Users/adrianlee/Git/pillbox/node_modules/mongoose/node_modules/mpath/package.json
40 verbose read json /Users/adrianlee/Git/pillbox/node_modules/mongoose/node_modules/mpromise/package.json
41 verbose read json /Users/adrianlee/Git/pillbox/node_modules/mongoose/node_modules/ms/package.json
42 verbose read json /Users/adrianlee/Git/pillbox/node_modules/mongoose/node_modules/muri/package.json
43 verbose read json /Users/adrianlee/Git/pillbox/node_modules/mongoose/node_modules/sliced/package.json
44 verbose read json /Users/adrianlee/Git/pillbox/node_modules/nodemailer/node_modules/mailcomposer/package.json
45 verbose read json /Users/adrianlee/Git/pillbox/node_modules/nodemailer/node_modules/optimist/package.json
46 verbose read json /Users/adrianlee/Git/pillbox/node_modules/nodemailer/node_modules/simplesmtp/package.json
47 verbose read json /Users/adrianlee/Git/pillbox/node_modules/socket.io/node_modules/base64id/package.json
48 verbose read json /Users/adrianlee/Git/pillbox/node_modules/socket.io/node_modules/policyfile/package.json
49 verbose read json /Users/adrianlee/Git/pillbox/node_modules/socket.io/node_modules/redis/package.json
50 verbose read json /Users/adrianlee/Git/pillbox/node_modules/socket.io/node_modules/socket.io-client/package.json
51 verbose read json /Users/adrianlee/Git/pillbox/node_modules/connect-mongo/node_modules/mongodb/node_modules/bson/package.json
52 verbose read json /Users/adrianlee/Git/pillbox/node_modules/hbs/node_modules/handlebars/node_modules/optimist/package.json
53 verbose read json /Users/adrianlee/Git/pillbox/node_modules/hbs/node_modules/handlebars/node_modules/uglify-js/package.json
54 verbose read json /Users/adrianlee/Git/pillbox/node_modules/express/node_modules/connect/node_modules/bytes/package.json
55 verbose read json /Users/adrianlee/Git/pillbox/node_modules/express/node_modules/connect/node_modules/formidable/package.json
56 verbose read json /Users/adrianlee/Git/pillbox/node_modules/express/node_modules/connect/node_modules/pause/package.json
57 verbose read json /Users/adrianlee/Git/pillbox/node_modules/express/node_modules/connect/node_modules/qs/package.json
58 verbose read json /Users/adrianlee/Git/pillbox/node_modules/express/node_modules/send/node_modules/mime/package.json
59 verbose read json /Users/adrianlee/Git/pillbox/node_modules/johnny-five/node_modules/firmata/node_modules/mocha/package.json
60 verbose read json /Users/adrianlee/Git/pillbox/node_modules/johnny-five/node_modules/firmata/node_modules/serialport/package.json
61 verbose read json /Users/adrianlee/Git/pillbox/node_modules/johnny-five/node_modules/firmata/node_modules/should/package.json
62 verbose read json /Users/adrianlee/Git/pillbox/node_modules/johnny-five/node_modules/grunt/node_modules/async/package.json
63 verbose read json /Users/adrianlee/Git/pillbox/node_modules/johnny-five/node_modules/grunt/node_modules/connect/package.json
64 verbose read json /Users/adrianlee/Git/pillbox/node_modules/johnny-five/node_modules/grunt/node_modules/dateformat/package.json
65 verbose read json /Users/adrianlee/Git/pillbox/node_modules/johnny-five/node_modules/grunt/node_modules/glob-whatev/package.json
66 verbose read json /Users/adrianlee/Git/pillbox/node_modules/johnny-five/node_modules/grunt/node_modules/gzip-js/package.json
67 verbose read json /Users/adrianlee/Git/pillbox/node_modules/johnny-five/node_modules/grunt/node_modules/hooker/package.json
68 verbose read json /Users/adrianlee/Git/pillbox/node_modules/johnny-five/node_modules/grunt/node_modules/jshint/package.json
69 verbose read json /Users/adrianlee/Git/pillbox/node_modules/johnny-five/node_modules/grunt/node_modules/nopt/package.json
70 verbose read json /Users/adrianlee/Git/pillbox/node_modules/johnny-five/node_modules/grunt/node_modules/prompt/package.json
71 verbose read json /Users/adrianlee/Git/pillbox/node_modules/johnny-five/node_modules/grunt/node_modules/semver/package.json
72 verbose read json /Users/adrianlee/Git/pillbox/node_modules/johnny-five/node_modules/grunt/node_modules/temporary/package.json
73 verbose read json /Users/adrianlee/Git/pillbox/node_modules/johnny-five/node_modules/grunt/node_modules/uglify-js/package.json
74 verbose read json /Users/adrianlee/Git/pillbox/node_modules/johnny-five/node_modules/grunt/node_modules/underscore/package.json
75 verbose read json /Users/adrianlee/Git/pillbox/node_modules/johnny-five/node_modules/grunt/node_modules/underscore.string/package.json
76 verbose read json /Users/adrianlee/Git/pillbox/node_modules/johnny-five/node_modules/nodeunit/node_modules/tap/package.json
77 verbose read json /Users/adrianlee/Git/pillbox/node_modules/johnny-five/node_modules/socket.io/node_modules/base64id/package.json
78 verbose read json /Users/adrianlee/Git/pillbox/node_modules/johnny-five/node_modules/socket.io/node_modules/policyfile/package.json
79 verbose read json /Users/adrianlee/Git/pillbox/node_modules/johnny-five/node_modules/socket.io/node_modules/redis/package.json
80 verbose read json /Users/adrianlee/Git/pillbox/node_modules/johnny-five/node_modules/socket.io/node_modules/socket.io-client/package.json
81 verbose read json /Users/adrianlee/Git/pillbox/node_modules/mongoose/node_modules/mongodb/node_modules/bson/package.json
82 verbose read json /Users/adrianlee/Git/pillbox/node_modules/mongoose/node_modules/mpromise/node_modules/sliced/package.json
83 verbose read json /Users/adrianlee/Git/pillbox/node_modules/nodemailer/node_modules/mailcomposer/node_modules/mime/package.json
84 verbose read json /Users/adrianlee/Git/pillbox/node_modules/nodemailer/node_modules/mailcomposer/node_modules/mimelib/package.json
85 verbose read json /Users/adrianlee/Git/pillbox/node_modules/nodemailer/node_modules/optimist/node_modules/wordwrap/package.json
86 verbose read json /Users/adrianlee/Git/pillbox/node_modules/nodemailer/node_modules/simplesmtp/node_modules/rai/package.json
87 verbose read json /Users/adrianlee/Git/pillbox/node_modules/nodemailer/node_modules/simplesmtp/node_modules/xoauth2/package.json
88 verbose read json /Users/adrianlee/Git/pillbox/node_modules/socket.io/node_modules/socket.io-client/node_modules/active-x-obfuscator/package.json
89 verbose read json /Users/adrianlee/Git/pillbox/node_modules/socket.io/node_modules/socket.io-client/node_modules/uglify-js/package.json
90 verbose read json /Users/adrianlee/Git/pillbox/node_modules/socket.io/node_modules/socket.io-client/node_modules/ws/package.json
91 verbose read json /Users/adrianlee/Git/pillbox/node_modules/socket.io/node_modules/socket.io-client/node_modules/xmlhttprequest/package.json
92 verbose read json /Users/adrianlee/Git/pillbox/node_modules/hbs/node_modules/handlebars/node_modules/optimist/node_modules/wordwrap/package.json
93 verbose read json /Users/adrianlee/Git/pillbox/node_modules/johnny-five/node_modules/firmata/node_modules/mocha/node_modules/commander/package.json
94 verbose read json /Users/adrianlee/Git/pillbox/node_modules/johnny-five/node_modules/firmata/node_modules/mocha/node_modules/debug/package.json
95 verbose read json /Users/adrianlee/Git/pillbox/node_modules/johnny-five/node_modules/firmata/node_modules/mocha/node_modules/diff/package.json
96 verbose read json /Users/adrianlee/Git/pillbox/node_modules/johnny-five/node_modules/firmata/node_modules/mocha/node_modules/growl/package.json
97 verbose read json /Users/adrianlee/Git/pillbox/node_modules/johnny-five/node_modules/firmata/node_modules/mocha/node_modules/jade/package.json
98 verbose read json /Users/adrianlee/Git/pillbox/node_modules/johnny-five/node_modules/firmata/node_modules/mocha/node_modules/mkdirp/package.json
99 verbose read json /Users/adrianlee/Git/pillbox/node_modules/johnny-five/node_modules/firmata/node_modules/mocha/node_modules/ms/package.json
100 verbose read json /Users/adrianlee/Git/pillbox/node_modules/johnny-five/node_modules/firmata/node_modules/serialport/node_modules/async/package.json
101 verbose read json /Users/adrianlee/Git/pillbox/node_modules/johnny-five/node_modules/firmata/node_modules/serialport/node_modules/bindings/package.json
102 verbose read json /Users/adrianlee/Git/pillbox/node_modules/johnny-five/node_modules/firmata/node_modules/serialport/node_modules/node-gyp/package.json
103 verbose read json /Users/adrianlee/Git/pillbox/node_modules/johnny-five/node_modules/firmata/node_modules/serialport/node_modules/optimist/package.json
104 verbose read json /Users/adrianlee/Git/pillbox/node_modules/johnny-five/node_modules/firmata/node_modules/serialport/node_modules/sf/package.json
105 verbose read json /Users/adrianlee/Git/pillbox/node_modules/johnny-five/node_modules/grunt/node_modules/connect/node_modules/bytes/package.json
106 verbose read json /Users/adrianlee/Git/pillbox/node_modules/johnny-five/node_modules/grunt/node_modules/connect/node_modules/cookie/package.json
107 verbose read json /Users/adrianlee/Git/pillbox/node_modules/johnny-five/node_modules/grunt/node_modules/connect/node_modules/crc/package.json
108 verbose read json /Users/adrianlee/Git/pillbox/node_modules/johnny-five/node_modules/grunt/node_modules/connect/node_modules/debug/package.json
109 verbose read json /Users/adrianlee/Git/pillbox/node_modules/johnny-five/node_modules/grunt/node_modules/connect/node_modules/formidable/package.json
110 verbose read json /Users/adrianlee/Git/pillbox/node_modules/johnny-five/node_modules/grunt/node_modules/connect/node_modules/fresh/package.json
111 verbose read json /Users/adrianlee/Git/pillbox/node_modules/johnny-five/node_modules/grunt/node_modules/connect/node_modules/pause/package.json
112 verbose read json /Users/adrianlee/Git/pillbox/node_modules/johnny-five/node_modules/grunt/node_modules/connect/node_modules/qs/package.json
113 verbose read json /Users/adrianlee/Git/pillbox/node_modules/johnny-five/node_modules/grunt/node_modules/connect/node_modules/send/package.json
114 verbose read json /Users/adrianlee/Git/pillbox/node_modules/johnny-five/node_modules/grunt/node_modules/glob-whatev/node_modules/minimatch/package.json
115 verbose read json /Users/adrianlee/Git/pillbox/node_modules/johnny-five/node_modules/grunt/node_modules/gzip-js/node_modules/crc32/package.json
116 verbose read json /Users/adrianlee/Git/pillbox/node_modules/johnny-five/node_modules/grunt/node_modules/gzip-js/node_modules/deflate-js/package.json
117 verbose read json /Users/adrianlee/Git/pillbox/node_modules/johnny-five/node_modules/grunt/node_modules/jshint/node_modules/cli/package.json
118 verbose read json /Users/adrianlee/Git/pillbox/node_modules/johnny-five/node_modules/grunt/node_modules/jshint/node_modules/minimatch/package.json
119 verbose read json /Users/adrianlee/Git/pillbox/node_modules/johnny-five/node_modules/grunt/node_modules/nopt/node_modules/abbrev/package.json
120 verbose read json /Users/adrianlee/Git/pillbox/node_modules/johnny-five/node_modules/grunt/node_modules/prompt/node_modules/pkginfo/package.json
121 verbose read json /Users/adrianlee/Git/pillbox/node_modules/johnny-five/node_modules/grunt/node_modules/prompt/node_modules/winston/package.json
122 verbose read json /Users/adrianlee/Git/pillbox/node_modules/johnny-five/node_modules/grunt/node_modules/temporary/node_modules/package/package.json
123 verbose read json /Users/adrianlee/Git/pillbox/node_modules/johnny-five/node_modules/nodeunit/node_modules/tap/node_modules/buffer-equal/package.json
124 verbose read json /Users/adrianlee/Git/pillbox/node_modules/johnny-five/node_modules/nodeunit/node_modules/tap/node_modules/deep-equal/package.json
125 verbose read json /Users/adrianlee/Git/pillbox/node_modules/johnny-five/node_modules/nodeunit/node_modules/tap/node_modules/difflet/package.json
126 verbose read json /Users/adrianlee/Git/pillbox/node_modules/johnny-five/node_modules/nodeunit/node_modules/tap/node_modules/glob/package.json
127 verbose read json /Users/adrianlee/Git/pillbox/node_modules/johnny-five/node_modules/nodeunit/node_modules/tap/node_modules/inherits/package.json
128 verbose read json /Users/adrianlee/Git/pillbox/node_modules/johnny-five/node_modules/nodeunit/node_modules/tap/node_modules/mkdirp/package.json
129 verbose read json /Users/adrianlee/Git/pillbox/node_modules/johnny-five/node_modules/nodeunit/node_modules/tap/node_modules/nopt/package.json
130 verbose read json /Users/adrianlee/Git/pillbox/node_modules/johnny-five/node_modules/nodeunit/node_modules/tap/node_modules/runforcover/package.json
131 verbose read json /Users/adrianlee/Git/pillbox/node_modules/johnny-five/node_modules/nodeunit/node_modules/tap/node_modules/slide/package.json
132 verbose read json /Users/adrianlee/Git/pillbox/node_modules/johnny-five/node_modules/nodeunit/node_modules/tap/node_modules/yamlish/package.json
133 verbose read json /Users/adrianlee/Git/pillbox/node_modules/johnny-five/node_modules/socket.io/node_modules/socket.io-client/node_modules/active-x-obfuscator/package.json
134 verbose read json /Users/adrianlee/Git/pillbox/node_modules/johnny-five/node_modules/socket.io/node_modules/socket.io-client/node_modules/uglify-js/package.json
135 verbose read json /Users/adrianlee/Git/pillbox/node_modules/johnny-five/node_modules/socket.io/node_modules/socket.io-client/node_modules/ws/package.json
136 verbose read json /Users/adrianlee/Git/pillbox/node_modules/johnny-five/node_modules/socket.io/node_modules/socket.io-client/node_modules/xmlhttprequest/package.json
137 verbose read json /Users/adrianlee/Git/pillbox/node_modules/nodemailer/node_modules/mailcomposer/node_modules/mimelib/node_modules/addressparser/package.json
138 verbose read json /Users/adrianlee/Git/pillbox/node_modules/nodemailer/node_modules/mailcomposer/node_modules/mimelib/node_modules/encoding/package.json
139 verbose read json /Users/adrianlee/Git/pillbox/node_modules/socket.io/node_modules/socket.io-client/node_modules/active-x-obfuscator/node_modules/zeparser/package.json
140 verbose read json /Users/adrianlee/Git/pillbox/node_modules/socket.io/node_modules/socket.io-client/node_modules/ws/node_modules/commander/package.json
141 verbose read json /Users/adrianlee/Git/pillbox/node_modules/socket.io/node_modules/socket.io-client/node_modules/ws/node_modules/options/package.json
142 verbose read json /Users/adrianlee/Git/pillbox/node_modules/socket.io/node_modules/socket.io-client/node_modules/ws/node_modules/tinycolor/package.json
143 verbose read json /Users/adrianlee/Git/pillbox/node_modules/johnny-five/node_modules/firmata/node_modules/mocha/node_modules/jade/node_modules/mkdirp/package.json
144 verbose read json /Users/adrianlee/Git/pillbox/node_modules/johnny-five/node_modules/firmata/node_modules/serialport/node_modules/node-gyp/node_modules/fstream/package.json
145 verbose read json /Users/adrianlee/Git/pillbox/node_modules/johnny-five/node_modules/firmata/node_modules/serialport/node_modules/node-gyp/node_modules/glob/package.json
146 verbose read json /Users/adrianlee/Git/pillbox/node_modules/johnny-five/node_modules/firmata/node_modules/serialport/node_modules/node-gyp/node_modules/graceful-fs/package.json
147 verbose read json /Users/adrianlee/Git/pillbox/node_modules/johnny-five/node_modules/firmata/node_modules/serialport/node_modules/node-gyp/node_modules/minimatch/package.json
148 verbose read json /Users/adrianlee/Git/pillbox/node_modules/johnny-five/node_modules/firmata/node_modules/serialport/node_modules/node-gyp/node_modules/mkdirp/package.json
149 verbose read json /Users/adrianlee/Git/pillbox/node_modules/johnny-five/node_modules/firmata/node_modules/serialport/node_modules/node-gyp/node_modules/nopt/package.json
150 verbose read json /Users/adrianlee/Git/pillbox/node_modules/johnny-five/node_modules/firmata/node_modules/serialport/node_modules/node-gyp/node_modules/npmlog/package.json
151 verbose read json /Users/adrianlee/Git/pillbox/node_modules/johnny-five/node_modules/firmata/node_modules/serialport/node_modules/node-gyp/node_modules/osenv/package.json
152 verbose read json /Users/adrianlee/Git/pillbox/node_modules/johnny-five/node_modules/firmata/node_modules/serialport/node_modules/node-gyp/node_modules/request/package.json
153 verbose read json /Users/adrianlee/Git/pillbox/node_modules/johnny-five/node_modules/firmata/node_modules/serialport/node_modules/node-gyp/node_modules/rimraf/package.json
154 verbose read json /Users/adrianlee/Git/pillbox/node_modules/johnny-five/node_modules/firmata/node_modules/serialport/node_modules/node-gyp/node_modules/semver/package.json
155 verbose read json /Users/adrianlee/Git/pillbox/node_modules/johnny-five/node_modules/firmata/node_modules/serialport/node_modules/node-gyp/node_modules/tar/package.json
156 verbose read json /Users/adrianlee/Git/pillbox/node_modules/johnny-five/node_modules/firmata/node_modules/serialport/node_modules/node-gyp/node_modules/which/package.json
157 verbose read json /Users/adrianlee/Git/pillbox/node_modules/johnny-five/node_modules/firmata/node_modules/serialport/node_modules/optimist/node_modules/wordwrap/package.json
158 verbose read json /Users/adrianlee/Git/pillbox/node_modules/johnny-five/node_modules/grunt/node_modules/connect/node_modules/send/node_modules/mime/package.json
159 verbose read json /Users/adrianlee/Git/pillbox/node_modules/johnny-five/node_modules/grunt/node_modules/connect/node_modules/send/node_modules/range-parser/package.json
160 verbose read json /Users/adrianlee/Git/pillbox/node_modules/johnny-five/node_modules/grunt/node_modules/glob-whatev/node_modules/minimatch/node_modules/lru-cache/package.json
161 verbose read json /Users/adrianlee/Git/pillbox/node_modules/johnny-five/node_modules/grunt/node_modules/glob-whatev/node_modules/minimatch/node_modules/sigmund/package.json
162 verbose read json /Users/adrianlee/Git/pillbox/node_modules/johnny-five/node_modules/grunt/node_modules/jshint/node_modules/cli/node_modules/glob/package.json
163 verbose read json /Users/adrianlee/Git/pillbox/node_modules/johnny-five/node_modules/grunt/node_modules/jshint/node_modules/minimatch/node_modules/lru-cache/package.json
164 verbose read json /Users/adrianlee/Git/pillbox/node_modules/johnny-five/node_modules/grunt/node_modules/prompt/node_modules/winston/node_modules/eyes/package.json
165 verbose read json /Users/adrianlee/Git/pillbox/node_modules/johnny-five/node_modules/grunt/node_modules/prompt/node_modules/winston/node_modules/loggly/package.json
166 verbose read json /Users/adrianlee/Git/pillbox/node_modules/johnny-five/node_modules/grunt/node_modules/prompt/node_modules/winston/node_modules/pkginfo/package.json
167 verbose read json /Users/adrianlee/Git/pillbox/node_modules/johnny-five/node_modules/grunt/node_modules/prompt/node_modules/winston/node_modules/stack-trace/package.json
168 verbose read json /Users/adrianlee/Git/pillbox/node_modules/johnny-five/node_modules/nodeunit/node_modules/tap/node_modules/difflet/node_modules/charm/package.json
169 verbose read json /Users/adrianlee/Git/pillbox/node_modules/johnny-five/node_modules/nodeunit/node_modules/tap/node_modules/difflet/node_modules/traverse/package.json
170 verbose read json /Users/adrianlee/Git/pillbox/node_modules/johnny-five/node_modules/nodeunit/node_modules/tap/node_modules/glob/node_modules/graceful-fs/package.json
171 verbose read json /Users/adrianlee/Git/pillbox/node_modules/johnny-five/node_modules/nodeunit/node_modules/tap/node_modules/glob/node_modules/inherits/package.json
172 verbose read json /Users/adrianlee/Git/pillbox/node_modules/johnny-five/node_modules/nodeunit/node_modules/tap/node_modules/glob/node_modules/minimatch/package.json
173 verbose read json /Users/adrianlee/Git/pillbox/node_modules/johnny-five/node_modules/nodeunit/node_modules/tap/node_modules/nopt/node_modules/abbrev/package.json
174 verbose read json /Users/adrianlee/Git/pillbox/node_modules/johnny-five/node_modules/nodeunit/node_modules/tap/node_modules/runforcover/node_modules/bunker/package.json
175 verbose read json /Users/adrianlee/Git/pillbox/node_modules/johnny-five/node_modules/socket.io/node_modules/socket.io-client/node_modules/active-x-obfuscator/node_modules/zeparser/package.json
176 verbose read json /Users/adrianlee/Git/pillbox/node_modules/johnny-five/node_modules/socket.io/node_modules/socket.io-client/node_modules/ws/node_modules/commander/package.json
177 verbose read json /Users/adrianlee/Git/pillbox/node_modules/johnny-five/node_modules/socket.io/node_modules/socket.io-client/node_modules/ws/node_modules/options/package.json
178 verbose read json /Users/adrianlee/Git/pillbox/node_modules/johnny-five/node_modules/socket.io/node_modules/socket.io-client/node_modules/ws/node_modules/tinycolor/package.json
179 verbose read json /Users/adrianlee/Git/pillbox/node_modules/nodemailer/node_modules/mailcomposer/node_modules/mimelib/node_modules/encoding/node_modules/iconv-lite/package.json
180 verbose read json /Users/adrianlee/Git/pillbox/node_modules/johnny-five/node_modules/firmata/node_modules/serialport/node_modules/node-gyp/node_modules/fstream/node_modules/inherits/package.json
181 verbose read json /Users/adrianlee/Git/pillbox/node_modules/johnny-five/node_modules/firmata/node_modules/serialport/node_modules/node-gyp/node_modules/glob/node_modules/inherits/package.json
182 verbose read json /Users/adrianlee/Git/pillbox/node_modules/johnny-five/node_modules/firmata/node_modules/serialport/node_modules/node-gyp/node_modules/minimatch/node_modules/lru-cache/package.json
183 verbose read json /Users/adrianlee/Git/pillbox/node_modules/johnny-five/node_modules/firmata/node_modules/serialport/node_modules/node-gyp/node_modules/minimatch/node_modules/sigmund/package.json
184 verbose read json /Users/adrianlee/Git/pillbox/node_modules/johnny-five/node_modules/firmata/node_modules/serialport/node_modules/node-gyp/node_modules/nopt/node_modules/abbrev/package.json
185 verbose read json /Users/adrianlee/Git/pillbox/node_modules/johnny-five/node_modules/firmata/node_modules/serialport/node_modules/node-gyp/node_modules/npmlog/node_modules/ansi/package.json
186 verbose read json /Users/adrianlee/Git/pillbox/node_modules/johnny-five/node_modules/firmata/node_modules/serialport/node_modules/node-gyp/node_modules/tar/node_modules/block-stream/package.json
187 verbose read json /Users/adrianlee/Git/pillbox/node_modules/johnny-five/node_modules/firmata/node_modules/serialport/node_modules/node-gyp/node_modules/tar/node_modules/inherits/package.json
188 verbose read json /Users/adrianlee/Git/pillbox/node_modules/johnny-five/node_modules/grunt/node_modules/jshint/node_modules/cli/node_modules/glob/node_modules/graceful-fs/package.json
189 verbose read json /Users/adrianlee/Git/pillbox/node_modules/johnny-five/node_modules/grunt/node_modules/jshint/node_modules/cli/node_modules/glob/node_modules/inherits/package.json
190 verbose read json /Users/adrianlee/Git/pillbox/node_modules/johnny-five/node_modules/grunt/node_modules/jshint/node_modules/cli/node_modules/glob/node_modules/minimatch/package.json
191 verbose read json /Users/adrianlee/Git/pillbox/node_modules/johnny-five/node_modules/grunt/node_modules/prompt/node_modules/winston/node_modules/loggly/node_modules/request/package.json
192 verbose read json /Users/adrianlee/Git/pillbox/node_modules/johnny-five/node_modules/grunt/node_modules/prompt/node_modules/winston/node_modules/loggly/node_modules/timespan/package.json
193 verbose read json /Users/adrianlee/Git/pillbox/node_modules/johnny-five/node_modules/nodeunit/node_modules/tap/node_modules/glob/node_modules/minimatch/node_modules/lru-cache/package.json
194 verbose read json /Users/adrianlee/Git/pillbox/node_modules/johnny-five/node_modules/nodeunit/node_modules/tap/node_modules/glob/node_modules/minimatch/node_modules/sigmund/package.json
195 verbose read json /Users/adrianlee/Git/pillbox/node_modules/johnny-five/node_modules/nodeunit/node_modules/tap/node_modules/runforcover/node_modules/bunker/node_modules/burrito/package.json
196 verbose read json /Users/adrianlee/Git/pillbox/node_modules/johnny-five/node_modules/grunt/node_modules/jshint/node_modules/cli/node_modules/glob/node_modules/minimatch/node_modules/lru-cache/package.json
197 verbose read json /Users/adrianlee/Git/pillbox/node_modules/johnny-five/node_modules/grunt/node_modules/jshint/node_modules/cli/node_modules/glob/node_modules/minimatch/node_modules/sigmund/package.json
198 verbose read json /Users/adrianlee/Git/pillbox/node_modules/johnny-five/node_modules/nodeunit/node_modules/tap/node_modules/runforcover/node_modules/bunker/node_modules/burrito/node_modules/traverse/package.json
199 verbose read json /Users/adrianlee/Git/pillbox/node_modules/johnny-five/node_modules/nodeunit/node_modules/tap/node_modules/runforcover/node_modules/bunker/node_modules/burrito/node_modules/uglify-js/package.json
200 verbose readInstalled returning express@3.1.0
201 verbose readInstalled returning hbs@2.1.0
202 verbose readInstalled returning nodemailer@0.3.44
203 verbose readInstalled returning johnny-five@0.5.14
204 verbose readInstalled returning mongoose@3.6.0
205 verbose readInstalled returning connect-mongo@0.3.2
206 verbose readInstalled returning socket.io@0.9.13
207 verbose readInstalled returning compulsive@0.2.3
208 verbose readInstalled returning connect@2.7.2
209 verbose readInstalled returning commander@0.6.1
210 verbose readInstalled returning range-parser@0.0.4
211 verbose readInstalled returning mkdirp@0.3.3
212 verbose readInstalled returning cookie@0.0.5
213 verbose readInstalled returning buffer-crc32@0.1.1
214 verbose readInstalled returning fresh@0.1.0
215 verbose readInstalled returning methods@0.0.1
216 verbose readInstalled returning send@0.1.0
217 verbose readInstalled returning cookie-signature@0.0.1
218 verbose readInstalled returning debug@0.7.2
219 verbose readInstalled returning qs@0.5.1
220 verbose readInstalled returning formidable@1.0.11
221 verbose readInstalled returning bytes@0.1.0
222 verbose readInstalled returning pause@0.0.1
223 verbose readInstalled returning mime@1.2.6
224 verbose readInstalled returning handlebars@1.0.9
225 verbose readInstalled returning optimist@0.3.5
226 verbose readInstalled returning uglify-js@1.2.6
227 verbose readInstalled returning wordwrap@0.0.2
228 verbose readInstalled returning mailcomposer@0.1.31
229 verbose readInstalled returning simplesmtp@0.2.4
230 verbose readInstalled returning optimist@0.3.5
231 verbose readInstalled returning mimelib@0.2.12
232 verbose readInstalled returning mime@1.2.9
233 verbose readInstalled returning encoding@0.1.6
234 verbose readInstalled returning addressparser@0.1.3
235 verbose readInstalled returning iconv-lite@0.2.7
236 verbose readInstalled returning rai@0.1.7
237 verbose readInstalled returning xoauth2@0.1.7
238 verbose readInstalled returning wordwrap@0.0.2
239 verbose readInstalled returning colors@0.6.0-1
240 verbose readInstalled returning firmata@0.2.4
241 verbose readInstalled returning lodash@1.0.1
242 verbose readInstalled returning es6-collections@0.2.0
243 verbose readInstalled returning socket.io@0.9.13
244 verbose readInstalled returning compulsive@0.2.3
245 verbose readInstalled returning descriptor@0.1.0
246 verbose readInstalled returning grunt@0.3.17
247 verbose readInstalled returning nodeunit@0.7.4
248 verbose readInstalled returning serialport@1.0.6
249 verbose readInstalled returning should@1.2.2
250 verbose readInstalled returning mocha@1.8.2
251 verbose readInstalled returning bindings@0.3.0
252 verbose readInstalled returning async@0.1.18
253 verbose readInstalled returning sf@0.1.3
254 verbose readInstalled returning optimist@0.3.5
255 verbose readInstalled returning node-gyp@0.6.2
256 verbose readInstalled returning wordwrap@0.0.2
257 verbose readInstalled returning glob@3.1.21
258 verbose readInstalled returning graceful-fs@1.2.0
259 verbose readInstalled returning fstream@0.1.22
260 verbose readInstalled returning minimatch@0.2.11
261 verbose readInstalled returning mkdirp@0.3.5
262 verbose readInstalled returning nopt@2.1.1
263 verbose readInstalled returning npmlog@0.0.2
264 verbose readInstalled returning osenv@0.0.3
265 verbose readInstalled returning request@2.9.203
266 verbose readInstalled returning rimraf@2.1.4
267 verbose readInstalled returning semver@1.1.4
268 verbose readInstalled returning tar@0.1.17
269 verbose readInstalled returning which@1.0.5
270 verbose readInstalled returning inherits@1.0.0
271 verbose readInstalled returning lru-cache@2.2.2
272 verbose readInstalled returning sigmund@1.0.0
273 verbose readInstalled returning inherits@1.0.0
274 verbose readInstalled returning abbrev@1.0.4
275 verbose readInstalled returning ansi@0.1.2
276 verbose readInstalled returning inherits@1.0.0
277 verbose readInstalled returning block-stream@0.0.6
278 verbose readInstalled returning commander@0.6.1
279 verbose readInstalled returning growl@1.7.0
280 verbose readInstalled returning jade@0.26.3
281 verbose readInstalled returning diff@1.0.2
282 verbose readInstalled returning debug@0.7.2
283 verbose readInstalled returning mkdirp@0.3.3
284 verbose readInstalled returning ms@0.3.0
285 verbose readInstalled returning mkdirp@0.3.0
286 verbose readInstalled returning socket.io-client@0.9.11
287 verbose readInstalled returning policyfile@0.0.4
288 verbose readInstalled returning base64id@0.1.0
289 verbose readInstalled returning redis@0.7.3
290 verbose readInstalled returning uglify-js@1.2.5
291 verbose readInstalled returning ws@0.4.25
292 verbose readInstalled returning xmlhttprequest@1.4.2
293 verbose readInstalled returning active-x-obfuscator@0.0.1
294 verbose readInstalled returning commander@0.6.1
295 verbose readInstalled returning tinycolor@0.0.1
296 verbose readInstalled returning options@0.0.3
297 verbose readInstalled returning zeparser@0.0.5
298 verbose readInstalled returning async@0.1.22
299 verbose readInstalled returning connect@2.4.6
300 verbose readInstalled returning dateformat@1.0.2-1.2.3
301 verbose readInstalled returning glob-whatev@0.1.8
302 verbose readInstalled returning hooker@0.2.3
303 verbose readInstalled returning jshint@0.9.1
304 verbose readInstalled returning nopt@1.0.10
305 verbose readInstalled returning prompt@0.1.12
306 verbose readInstalled returning semver@1.0.14
307 verbose readInstalled returning uglify-js@1.3.4
308 verbose readInstalled returning underscore@1.2.4
309 verbose readInstalled returning underscore.string@2.1.1
310 verbose readInstalled returning temporary@0.0.5
311 verbose readInstalled returning gzip-js@0.3.1
312 verbose readInstalled returning qs@0.5.1
313 verbose readInstalled returning formidable@1.0.11
314 verbose readInstalled returning crc@0.2.0
315 verbose readInstalled returning cookie@0.0.4
316 verbose readInstalled returning bytes@0.1.0
317 verbose readInstalled returning send@0.0.4
318 verbose readInstalled returning fresh@0.1.0
319 verbose readInstalled returning pause@0.0.1
320 verbose readInstalled returning debug@0.7.2
321 verbose readInstalled returning mime@1.2.6
322 verbose readInstalled returning range-parser@0.0.4
323 verbose readInstalled returning minimatch@0.2.11
324 verbose readInstalled returning lru-cache@2.2.2
325 verbose readInstalled returning sigmund@1.0.0
326 verbose readInstalled returning cli@0.4.3
327 verbose readInstalled returning minimatch@0.0.5
328 verbose readInstalled returning glob@3.1.21
329 verbose readInstalled returning minimatch@0.2.11
330 verbose readInstalled returning graceful-fs@1.2.0
331 verbose readInstalled returning inherits@1.0.0
332 verbose readInstalled returning lru-cache@2.2.2
333 verbose readInstalled returning sigmund@1.0.0
334 verbose readInstalled returning lru-cache@1.0.6
335 verbose readInstalled returning tap@0.4.0
336 verbose readInstalled returning inherits@1.0.0
337 verbose readInstalled returning yamlish@0.0.5
338 verbose readInstalled returning slide@1.1.3
339 verbose readInstalled returning runforcover@0.0.2
340 verbose readInstalled returning nopt@2.1.1
341 verbose readInstalled returning mkdirp@0.3.5
342 verbose readInstalled returning difflet@0.2.3
343 verbose readInstalled returning deep-equal@0.0.0
344 verbose readInstalled returning buffer-equal@0.0.0
345 verbose readInstalled returning glob@3.1.21
346 verbose readInstalled returning bunker@0.1.2
347 verbose readInstalled returning burrito@0.2.12
348 verbose readInstalled returning traverse@0.5.2
349 verbose readInstalled returning uglify-js@1.1.1
350 verbose readInstalled returning abbrev@1.0.4
351 verbose readInstalled returning traverse@0.6.3
352 verbose readInstalled returning charm@0.0.8
353 verbose readInstalled returning minimatch@0.2.11
354 verbose readInstalled returning graceful-fs@1.2.0
355 verbose readInstalled returning inherits@1.0.0
356 verbose readInstalled returning lru-cache@2.2.2
357 verbose readInstalled returning sigmund@1.0.0
358 verbose readInstalled returning abbrev@1.0.4
359 verbose readInstalled returning pkginfo@0.3.0
360 verbose readInstalled returning winston@0.5.11
361 verbose readInstalled returning eyes@0.1.8
362 verbose readInstalled returning loggly@0.3.11
363 verbose readInstalled returning pkginfo@0.2.3
364 verbose readInstalled returning stack-trace@0.0.6
365 verbose readInstalled returning request@2.9.203
366 verbose readInstalled returning timespan@2.2.0
367 verbose readInstalled returning package@1.0.1
368 verbose readInstalled returning crc32@0.2.2
369 verbose readInstalled returning deflate-js@0.2.2
370 verbose readInstalled returning hooks@0.2.1
371 verbose readInstalled returning mongodb@1.2.14
372 verbose readInstalled returning ms@0.1.0
373 verbose readInstalled returning sliced@0.0.3
374 verbose readInstalled returning muri@0.3.1
375 verbose readInstalled returning mpromise@0.2.1
376 verbose readInstalled returning mpath@0.1.1
377 verbose readInstalled returning bson@0.1.8
378 verbose readInstalled returning sliced@0.0.4
379 verbose readInstalled returning mongodb@1.2.14
380 verbose readInstalled returning bson@0.1.8
381 verbose readInstalled returning socket.io-client@0.9.11
382 verbose readInstalled returning policyfile@0.0.4
383 verbose readInstalled returning base64id@0.1.0
384 verbose readInstalled returning redis@0.7.3
385 verbose readInstalled returning uglify-js@1.2.5
386 verbose readInstalled returning ws@0.4.25
387 verbose readInstalled returning xmlhttprequest@1.4.2
388 verbose readInstalled returning active-x-obfuscator@0.0.1
389 verbose readInstalled returning commander@0.6.1
390 verbose readInstalled returning tinycolor@0.0.1
391 verbose readInstalled returning options@0.0.3
392 verbose readInstalled returning zeparser@0.0.5
393 error Error: Problems were encountered
393 error Please correct and try again.
393 error extraneous: compulsive@0.2.3 /Users/adrianlee/Git/pillbox/node_modules/compulsive
393 error     at shrinkwrap_ (/usr/local/lib/node_modules/npm/lib/shrinkwrap.js:28:15)
393 error     at /usr/local/lib/node_modules/npm/lib/shrinkwrap.js:22:5
393 error     at /usr/local/lib/node_modules/npm/lib/ls.js:40:30
393 error     at /usr/local/lib/node_modules/npm/node_modules/read-installed/read-installed.js:117:5
393 error     at /usr/local/lib/node_modules/npm/node_modules/read-installed/read-installed.js:233:14
393 error     at cb (/usr/local/lib/node_modules/npm/node_modules/slide/lib/async-map.js:48:11)
393 error     at /usr/local/lib/node_modules/npm/node_modules/read-installed/read-installed.js:233:14
393 error     at cb (/usr/local/lib/node_modules/npm/node_modules/slide/lib/async-map.js:48:11)
393 error     at /usr/local/lib/node_modules/npm/node_modules/read-installed/read-installed.js:233:14
393 error     at cb (/usr/local/lib/node_modules/npm/node_modules/slide/lib/async-map.js:48:11)
394 error If you need help, you may report this log at:
394 error     <http://github.com/isaacs/npm/issues>
394 error or email it to:
394 error     <npm-@googlegroups.com>
395 error System Darwin 12.3.0
396 error command "node" "/usr/local/bin/npm" "shrinkwrap"
397 error cwd /Users/adrianlee/Git/pillbox
398 error node -v v0.8.14
399 error npm -v 1.1.65
400 verbose exit [ 1, true ]
